[    0.000000] Linux version 4.15.0-142-generic (buildd@lgw01-amd64-036) (gcc version 7.5.0 (Ubuntu 7.5.0-3ubuntu1~18.04)) #146-Ubuntu SMP Tue Apr 13 01:11:19 UTC 2021 (Ubuntu 4.15.0-142.146-generic 4.15.18)
[    0.000000] Command line: BOOT_IMAGE=/boot/vmlinuz-4.15.0-142-generic root=LABEL=cloudimg-rootfs ro console=tty1 console=ttyS0
[    0.000000] KERNEL supported cpus:
[    0.000000]   Intel GenuineIntel
[    0.000000]   AMD AuthenticAMD
[    0.000000]   Centaur CentaurHauls
[    0.000000] x86/fpu: Supporting XSAVE feature 0x001: 'x87 floating point registers'
[    0.000000] x86/fpu: Supporting XSAVE feature 0x002: 'SSE registers'
[    0.000000] x86/fpu: Supporting XSAVE feature 0x004: 'AVX registers'
[    0.000000] x86/fpu: xstate_offset[2]:  576, xstate_sizes[2]:  256
[    0.000000] x86/fpu: Enabled xstate features 0x7, context size is 832 bytes, using 'standard' format.
[    0.000000] e820: BIOS-provided physical RAM map:
[    0.000000] BIOS-e820: [mem 0x0000000000000000-0x000000000009fbff] usable
[    0.000000] BIOS-e820: [mem 0x000000000009fc00-0x000000000009ffff] reserved
[    0.000000] BIOS-e820: [mem 0x00000000000f0000-0x00000000000fffff] reserved
[    0.000000] BIOS-e820: [mem 0x0000000000100000-0x000000003ffeffff] usable
[    0.000000] BIOS-e820: [mem 0x000000003fff0000-0x000000003fffffff] ACPI data
[    0.000000] BIOS-e820: [mem 0x00000000fec00000-0x00000000fec00fff] reserved
[    0.000000] BIOS-e820: [mem 0x00000000fee00000-0x00000000fee00fff] reserved
[    0.000000] BIOS-e820: [mem 0x00000000fffc0000-0x00000000ffffffff] reserved
[    0.000000] NX (Execute Disable) protection: active
[    0.000000] SMBIOS 2.5 present.
[    0.000000] DMI: innotek GmbH VirtualBox/VirtualBox, BIOS VirtualBox 12/01/2006
[    0.000000] Hypervisor detected: KVM
[    0.000000] e820: last_pfn = 0x3fff0 max_arch_pfn = 0x400000000
[    0.000000] MTRR: Disabled
[    0.000000] x86/PAT: MTRRs disabled, skipping PAT initialization too.
[    0.000000] CPU MTRRs all blank - virtualized system.
[    0.000000] x86/PAT: Configuration [0-7]: WB  WT  UC- UC  WB  WT  UC- UC  
[    0.000000] found SMP MP-table at [mem 0x0009fff0-0x0009ffff]
[    0.000000] Scanning 1 areas for low memory corruption
[    0.000000] RAMDISK: [mem 0x359cf000-0x36cdefff]
[    0.000000] ACPI: Early table checksum verification disabled
[    0.000000] ACPI: RSDP 0x00000000000E0000 000024 (v02 VBOX  )
[    0.000000] ACPI: XSDT 0x000000003FFF0030 00003C (v01 VBOX   VBOXXSDT 00000001 ASL  00000061)
[    0.000000] ACPI: FACP 0x000000003FFF00F0 0000F4 (v04 VBOX   VBOXFACP 00000001 ASL  00000061)
[    0.000000] ACPI: DSDT 0x000000003FFF0470 002325 (v02 VBOX   VBOXBIOS 00000002 INTL 20100528)
[    0.000000] ACPI: FACS 0x000000003FFF0200 000040
[    0.000000] ACPI: FACS 0x000000003FFF0200 000040
[    0.000000] ACPI: APIC 0x000000003FFF0240 00005C (v02 VBOX   VBOXAPIC 00000001 ASL  00000061)
[    0.000000] ACPI: SSDT 0x000000003FFF02A0 0001CC (v01 VBOX   VBOXCPUT 00000002 INTL 20100528)
[    0.000000] No NUMA configuration found
[    0.000000] Faking a node at [mem 0x0000000000000000-0x000000003ffeffff]
[    0.000000] NODE_DATA(0) allocated [mem 0x3ffc5000-0x3ffeffff]
[    0.000000] kvm-clock: cpu 0, msr 0:3ff44001, primary cpu clock
[    0.000000] kvm-clock: Using msrs 4b564d01 and 4b564d00
[    0.000000] kvm-clock: using sched offset of 5818177294 cycles
[    0.000000] clocksource: kvm-clock: mask: 0xffffffffffffffff max_cycles: 0x1cd42e4dffb, max_idle_ns: 881590591483 ns
[    0.000000] Zone ranges:
[    0.000000]   DMA      [mem 0x0000000000001000-0x0000000000ffffff]
[    0.000000]   DMA32    [mem 0x0000000001000000-0x000000003ffeffff]
[    0.000000]   Normal   empty
[    0.000000]   Device   empty
[    0.000000] Movable zone start for each node
[    0.000000] Early memory node ranges
[    0.000000]   node   0: [mem 0x0000000000001000-0x000000000009efff]
[    0.000000]   node   0: [mem 0x0000000000100000-0x000000003ffeffff]
[    0.000000] Reserved but unavailable: 98 pages
[    0.000000] Initmem setup node 0 [mem 0x0000000000001000-0x000000003ffeffff]
[    0.000000] ACPI: PM-Timer IO Port: 0x4008
[    0.000000] IOAPIC[0]: apic_id 2, version 32, address 0xfec00000, GSI 0-23
[    0.000000] ACPI: INT_SRC_OVR (bus 0 bus_irq 0 global_irq 2 dfl dfl)
[    0.000000] ACPI: INT_SRC_OVR (bus 0 bus_irq 9 global_irq 9 low level)
[    0.000000] Using ACPI (MADT) for SMP configuration information
[    0.000000] smpboot: Allowing 2 CPUs, 0 hotplug CPUs
[    0.000000] PM: Registered nosave memory: [mem 0x00000000-0x00000fff]
[    0.000000] PM: Registered nosave memory: [mem 0x0009f000-0x0009ffff]
[    0.000000] PM: Registered nosave memory: [mem 0x000a0000-0x000effff]
[    0.000000] PM: Registered nosave memory: [mem 0x000f0000-0x000fffff]
[    0.000000] e820: [mem 0x40000000-0xfebfffff] available for PCI devices
[    0.000000] Booting paravirtualized kernel on KVM
[    0.000000] clocksource: refined-jiffies: mask: 0xffffffff max_cycles: 0xffffffff, max_idle_ns: 7645519600211568 ns
[    0.000000] random: get_random_bytes called from start_kernel+0x99/0x500 with crng_init=0
[    0.000000] setup_percpu: NR_CPUS:8192 nr_cpumask_bits:2 nr_cpu_ids:2 nr_node_ids:1
[    0.000000] percpu: Embedded 45 pages/cpu s147456 r8192 d28672 u1048576
[    0.000000] PV qspinlock hash table entries: 256 (order: 0, 4096 bytes)
[    0.000000] Built 1 zonelists, mobility grouping on.  Total pages: 257913
[    0.000000] Policy zone: DMA32
[    0.000000] Kernel command line: BOOT_IMAGE=/boot/vmlinuz-4.15.0-142-generic root=LABEL=cloudimg-rootfs ro console=tty1 console=ttyS0
[    0.000000] Memory: 982720K/1048120K available (12300K kernel code, 2483K rwdata, 4316K rodata, 2444K init, 2724K bss, 65400K reserved, 0K cma-reserved)
[    0.000000] SLUB: HWalign=64, Order=0-3, MinObjects=0, CPUs=2, Nodes=1
[    0.000000] Kernel/User page tables isolation: enabled
[    0.000000] ftrace: allocating 39434 entries in 155 pages
[    0.004000] Hierarchical RCU implementation.
[    0.004000] 	RCU restricting CPUs from NR_CPUS=8192 to nr_cpu_ids=2.
[    0.004000] 	Tasks RCU enabled.
[    0.004000] RCU: Adjusting geometry for rcu_fanout_leaf=16, nr_cpu_ids=2
[    0.004000] NR_IRQS: 524544, nr_irqs: 440, preallocated irqs: 16
[    0.004000] Console: colour VGA+ 80x25
[    0.004000] console [tty1] enabled
[    0.004000] console [ttyS0] enabled
[    0.004000] ACPI: Core revision 20170831
[    0.004000] ACPI: 2 ACPI AML tables successfully acquired and loaded
[    0.004000] APIC: Switch to symmetric I/O mode setup
[    0.004000] x2apic enabled
[    0.004000] Switched APIC routing to physical x2apic.
[    0.008000] ..TIMER: vector=0x30 apic1=0 pin1=2 apic2=-1 pin2=-1
[    0.008005] tsc: Detected 2294.688 MHz processor
[    0.012019] Calibrating delay loop (skipped) preset value.. 4589.37 BogoMIPS (lpj=9178752)
[    0.016005] pid_max: default: 32768 minimum: 301
[    0.018451] Security Framework initialized
[    0.020006] Yama: becoming mindful.
[    0.021740] AppArmor: AppArmor initialized
[    0.028121] Dentry cache hash table entries: 131072 (order: 8, 1048576 bytes)
[    0.032177] Inode-cache hash table entries: 65536 (order: 7, 524288 bytes)
[    0.036035] Mount-cache hash table entries: 2048 (order: 2, 16384 bytes)
[    0.040013] Mountpoint-cache hash table entries: 2048 (order: 2, 16384 bytes)
[    0.044796] Last level iTLB entries: 4KB 1024, 2MB 1024, 4MB 1024
[    0.047439] Last level dTLB entries: 4KB 1024, 2MB 1024, 4MB 1024, 1GB 4
[    0.048007] Spectre V1 : Mitigation: usercopy/swapgs barriers and __user pointer sanitization
[    0.052006] Spectre V2 : Mitigation: Full generic retpoline
[    0.056020] Spectre V2 : Spectre v2 / SpectreRSB mitigation: Filling RSB on context switch
[    0.060004] Speculative Store Bypass: Vulnerable
[    0.064087] SRBDS: Unknown: Dependent on hypervisor status
[    0.066633] MDS: Mitigation: Clear CPU buffers
[    0.068564] Freeing SMP alternatives memory: 36K
[    0.184453] smpboot: CPU0: Intel(R) Core(TM) i5-4200U CPU @ 1.60GHz (family: 0x6, model: 0x45, stepping: 0x1)
[    0.188160] Performance Events: unsupported p6 CPU model 69 no PMU driver, software events only.
[    0.192081] Hierarchical SRCU implementation.
[    0.197417] NMI watchdog: Perf event create on CPU 0 failed with -2
[    0.200005] NMI watchdog: Perf NMI watchdog permanently disabled
[    0.204132] smp: Bringing up secondary CPUs ...
[    0.206475] x86: Booting SMP configuration:
[    0.208016] .... node  #0, CPUs:      #1
[    0.004000] kvm-clock: cpu 1, msr 0:3ff44041, secondary cpu clock
[    0.218707] smp: Brought up 1 node, 2 CPUs
[    0.220010] smpboot: Max logical packages: 1
[    0.222515] smpboot: Total of 2 processors activated (9178.75 BogoMIPS)
[    0.224301] devtmpfs: initialized
[    0.228152] x86/mm: Memory block size: 128MB
[    0.232596] evm: security.selinux
[    0.234240] evm: security.SMACK64
[    0.236004] evm: security.SMACK64EXEC
[    0.237973] evm: security.SMACK64TRANSMUTE
[    0.240020] evm: security.SMACK64MMAP
[    0.242220] evm: security.apparmor
[    0.244004] evm: security.ima
[    0.245880] evm: security.capability
[    0.248193] clocksource: jiffies: mask: 0xffffffff max_cycles: 0xffffffff, max_idle_ns: 7645041785100000 ns
[    0.252029] futex hash table entries: 512 (order: 3, 32768 bytes)
[    0.260012] pinctrl core: initialized pinctrl subsystem
[    0.264283] RTC time:  7:17:44, date: 05/07/21
[    0.268401] NET: Registered protocol family 16
[    0.272351] audit: initializing netlink subsys (disabled)
[    0.276177] audit: type=2000 audit(1620371871.360:1): state=initialized audit_enabled=0 res=1
[    0.280017] cpuidle: using governor ladder
[    0.284014] cpuidle: using governor menu
[    0.286332] ACPI: bus type PCI registered
[    0.288000] acpiphp: ACPI Hot Plug PCI Controller Driver version: 0.5
[    0.288247] PCI: Using configuration type 1 for base access
[    0.294138] HugeTLB registered 2.00 MiB page size, pre-allocated 0 pages
[    0.296224] ACPI: Added _OSI(Module Device)
[    0.300020] ACPI: Added _OSI(Processor Device)
[    0.304008] ACPI: Added _OSI(3.0 _SCP Extensions)
[    0.306498] ACPI: Added _OSI(Processor Aggregator Device)
[    0.308041] ACPI: Added _OSI(Linux-Dell-Video)
[    0.312008] ACPI: Added _OSI(Linux-Lenovo-NV-HDMI-Audio)
[    0.316008] ACPI: Added _OSI(Linux-HPI-Hybrid-Graphics)
[    0.319284] ACPI: Executed 1 blocks of module-level executable AML code
[    0.339818] ACPI: Interpreter enabled
[    0.340045] ACPI: (supports S0 S5)
[    0.341670] ACPI: Using IOAPIC for interrupt routing
[    0.345038] PCI: Using host bridge windows from ACPI; if necessary, use "pci=nocrs" and report a bug
[    0.348651] ACPI: Enabled 2 GPEs in block 00 to 07
[    0.378454] ACPI: PCI Root Bridge [PCI0] (domain 0000 [bus 00-ff])
[    0.380013] acpi PNP0A03:00: _OSC: OS supports [ASPM ClockPM Segments MSI]
[    0.386342] acpi PNP0A03:00: _OSC: not requesting OS control; OS requires [ExtendedConfig ASPM ClockPM MSI]
[    0.388032] acpi PNP0A03:00: fail to add MMCONFIG information, can't access extended PCI configuration space under this bridge.
[    0.393138] PCI host bridge to bus 0000:00
[    0.396007] pci_bus 0000:00: root bus resource [io  0x0000-0x0cf7 window]
[    0.399253] pci_bus 0000:00: root bus resource [io  0x0d00-0xffff window]
[    0.400007] pci_bus 0000:00: root bus resource [mem 0x000a0000-0x000bffff window]
[    0.404007] pci_bus 0000:00: root bus resource [mem 0x40000000-0xfdffffff window]
[    0.408011] pci_bus 0000:00: root bus resource [bus 00-ff]
[    0.418601] pci 0000:00:01.1: legacy IDE quirk: reg 0x10: [io  0x01f0-0x01f7]
[    0.420006] pci 0000:00:01.1: legacy IDE quirk: reg 0x14: [io  0x03f6]
[    0.424007] pci 0000:00:01.1: legacy IDE quirk: reg 0x18: [io  0x0170-0x0177]
[    0.428006] pci 0000:00:01.1: legacy IDE quirk: reg 0x1c: [io  0x0376]
[    0.472206] pci 0000:00:07.0: quirk: [io  0x4000-0x403f] claimed by PIIX4 ACPI
[    0.475948] pci 0000:00:07.0: quirk: [io  0x4100-0x410f] claimed by PIIX4 SMB
[    0.497145] ACPI: PCI Interrupt Link [LNKA] (IRQs 5 9 10 *11)
[    0.501189] ACPI: PCI Interrupt Link [LNKB] (IRQs 5 9 *10 11)
[    0.504422] ACPI: PCI Interrupt Link [LNKC] (IRQs 5 *9 10 11)
[    0.508361] ACPI: PCI Interrupt Link [LNKD] (IRQs 5 9 10 *11)
[    0.512713] SCSI subsystem initialized
[    0.514880] pci 0000:00:02.0: vgaarb: setting as boot VGA device
[    0.515012] pci 0000:00:02.0: vgaarb: VGA device added: decodes=io+mem,owns=io+mem,locks=none
[    0.516012] pci 0000:00:02.0: vgaarb: bridge control possible
[    0.520004] vgaarb: loaded
[    0.521562] ACPI: bus type USB registered
[    0.524048] usbcore: registered new interface driver usbfs
[    0.526892] usbcore: registered new interface driver hub
[    0.528020] usbcore: registered new device driver usb
[    0.532115] EDAC MC: Ver: 3.0.0
[    0.536220] PCI: Using ACPI for IRQ routing
[    0.539191] NetLabel: Initializing
[    0.540005] NetLabel:  domain hash size = 128
[    0.544004] NetLabel:  protocols = UNLABELED CIPSOv4 CALIPSO
[    0.546632] NetLabel:  unlabeled traffic allowed by default
[    0.548123] clocksource: Switched to clocksource kvm-clock
[    0.620347] VFS: Disk quotas dquot_6.6.0
[    0.622346] VFS: Dquot-cache hash table entries: 512 (order 0, 4096 bytes)
[    0.625644] AppArmor: AppArmor Filesystem Enabled
[    0.628136] pnp: PnP ACPI init
[    0.633303] pnp: PnP ACPI: found 3 devices
[    0.648414] clocksource: acpi_pm: mask: 0xffffff max_cycles: 0xffffff, max_idle_ns: 2085701024 ns
[    0.653093] NET: Registered protocol family 2
[    0.655731] TCP established hash table entries: 8192 (order: 4, 65536 bytes)
[    0.659429] TCP bind hash table entries: 8192 (order: 5, 131072 bytes)
[    0.667887] TCP: Hash tables configured (established 8192 bind 8192)
[    0.671157] UDP hash table entries: 512 (order: 2, 16384 bytes)
[    0.674100] UDP-Lite hash table entries: 512 (order: 2, 16384 bytes)
[    0.677308] NET: Registered protocol family 1
[    0.679695] pci 0000:00:00.0: Limiting direct PCI/PCI transfers
[    0.683393] pci 0000:00:01.0: Activating ISA DMA hang workarounds
[    0.687290] pci 0000:00:02.0: Video device with shadowed ROM at [mem 0x000c0000-0x000dffff]
[    0.692746] Unpacking initramfs...
[    1.768288] Freeing initrd memory: 19520K
[    1.770794] clocksource: tsc: mask: 0xffffffffffffffff max_cycles: 0x21139aef754, max_idle_ns: 440795211890 ns
[    1.776671] platform rtc_cmos: registered platform RTC device (no PNP device found)
[    1.780579] Scanning for low memory corruption every 60 seconds
[    1.785812] Initialise system trusted keyrings
[    1.788384] Key type blacklist registered
[    1.790575] workingset: timestamp_bits=36 max_order=18 bucket_order=0
[    1.798188] zbud: loaded
[    1.801411] squashfs: version 4.0 (2009/01/31) Phillip Lougher
[    1.805070] fuse init (API version 7.26)
[    1.814096] Key type asymmetric registered
[    1.816851] Asymmetric key parser 'x509' registered
[    1.819577] Block layer SCSI generic (bsg) driver version 0.4 loaded (major 246)
[    1.824215] io scheduler noop registered
[    1.826392] io scheduler deadline registered
[    1.829112] io scheduler cfq registered (default)
[    1.832761] ACPI: AC Adapter [AC] (on-line)
[    1.835277] input: Power Button as /devices/LNXSYSTM:00/LNXPWRBN:00/input/input0
[    1.840619] ACPI: Power Button [PWRF]
[    1.843554] input: Sleep Button as /devices/LNXSYSTM:00/LNXSLPBN:00/input/input1
[    1.849047] ACPI: Sleep Button [SLPF]
[    1.852843] Serial: 8250/16550 driver, 32 ports, IRQ sharing enabled
[    1.856485] ACPI: Battery Slot [BAT0] (battery present)
[    1.884495] 00:02: ttyS0 at I/O 0x3f8 (irq = 4, base_baud = 115200) is a 16550A
[    1.898265] Linux agpgart interface v0.103
[    1.904330] loop: module loaded
[    1.908684] scsi host0: ata_piix
[    1.911979] scsi host1: ata_piix
[    1.914431] ata1: PATA max UDMA/33 cmd 0x1f0 ctl 0x3f6 bmdma 0xd000 irq 14
[    1.918424] ata2: PATA max UDMA/33 cmd 0x170 ctl 0x376 bmdma 0xd008 irq 15
[    1.922821] libphy: Fixed MDIO Bus: probed
[    1.925418] tun: Universal TUN/TAP device driver, 1.6
[    1.928615] PPP generic driver version 2.4.2
[    1.931559] ehci_hcd: USB 2.0 'Enhanced' Host Controller (EHCI) Driver
[    1.935364] ehci-pci: EHCI PCI platform driver
[    1.938242] ehci-platform: EHCI generic platform driver
[    1.941541] ohci_hcd: USB 1.1 'Open' Host Controller (OHCI) Driver
[    1.945776] ohci-pci: OHCI PCI platform driver
[    1.949090] ohci-platform: OHCI generic platform driver
[    1.953493] uhci_hcd: USB Universal Host Controller Interface driver
[    1.959389] i8042: PNP: PS/2 Controller [PNP0303:PS2K,PNP0f03:PS2M] at 0x60,0x64 irq 1,12
[    1.967246] serio: i8042 KBD port at 0x60,0x64 irq 1
[    1.970572] serio: i8042 AUX port at 0x60,0x64 irq 12
[    1.974168] mousedev: PS/2 mouse device common for all mice
[    1.981154] input: AT Translated Set 2 keyboard as /devices/platform/i8042/serio0/input/input2
[    1.987373] rtc_cmos rtc_cmos: rtc core: registered rtc_cmos as rtc0
[    1.992588] rtc_cmos rtc_cmos: alarms up to one day, 114 bytes nvram
[    1.998229] i2c /dev entries driver
[    2.001034] device-mapper: uevent: version 1.0.3
[    2.007915] device-mapper: ioctl: 4.37.0-ioctl (2017-09-20) initialised: dm-devel@redhat.com
[    2.013843] ledtrig-cpu: registered to indicate activity on CPUs
[    2.019479] NET: Registered protocol family 10
[    2.032505] Segment Routing with IPv6
[    2.034910] NET: Registered protocol family 17
[    2.037578] Key type dns_resolver registered
[    2.040580] mce: Using 0 MCE banks
[    2.042385] RAS: Correctable Errors collector initialized.
[    2.045006] sched_clock: Marking stable (2044945552, 0)->(2575153264, -530207712)
[    2.050514] registered taskstats version 1
[    2.053128] Loading compiled-in X.509 certificates
[    2.061376] Loaded X.509 cert 'Build time autogenerated kernel key: 028139f94c642d40642d50ab098c4e7b0aebaa81'
[    2.068237] Loaded X.509 cert 'Canonical Ltd. Live Patch Signing: 14df34d1a87cf37625abec039ef2bf521249b969'
[    2.075241] Loaded X.509 cert 'Canonical Ltd. Kernel Module Signing: 88f752e560a1e0737e31163a466ad7b70a850c19'
[    2.080969] zswap: loaded using pool lzo/zbud
[    2.120606] Key type big_key registered
[    2.122978] Key type trusted registered
[    2.129514] Key type encrypted registered
[    2.131987] AppArmor: AppArmor sha1 policy hashing enabled
[    2.135237] ima: No TPM chip found, activating TPM-bypass! (rc=-19)
[    2.138766] ima: Allocated hash algorithm: sha1
[    2.141638] evm: HMAC attrs: 0x1
[    2.144473]   Magic number: 5:977:267
[    2.147204] rtc_cmos rtc_cmos: setting system clock to 2021-05-07 07:17:46 UTC (1620371866)
[    2.152864] BIOS EDD facility v0.16 2004-Jun-25, 0 devices found
[    2.156593] EDD information not available.
[    2.174838] Freeing unused kernel image memory: 2444K
[    2.204791] Write protecting the kernel read-only data: 20480k
[    2.209958] Freeing unused kernel image memory: 2008K
[    2.213887] Freeing unused kernel image memory: 1828K
[    2.271293] x86/mm: Checked W+X mappings: passed, no W+X pages found.
[    2.275278] x86/mm: Checking user space page tables
[    2.332228] x86/mm: Checked W+X mappings: passed, no W+X pages found.
Loading, please wait...
starting version 237
[    2.582755] Fusion MPT base driver 3.04.20
[    2.585453] Copyright (c) 1999-2008 LSI Corporation
[    2.614500] e1000: Intel(R) PRO/1000 Network Driver - version 7.3.21-k8-NAPI
[    2.620163] e1000: Copyright (c) 1999-2006 Intel Corporation.
[    2.650310] Fusion MPT SPI Host driver 3.04.20
[    2.657125] AVX2 version of gcm_enc/dec engaged.
[    2.659893] AES CTR mode by8 optimization enabled
[    2.852323] input: ImExPS/2 Generic Explorer Mouse as /devices/platform/i8042/serio1/input/input4
[    3.295129] e1000 0000:00:03.0 eth0: (PCI:33MHz:32-bit) 02:f3:7b:02:da:50
[    3.298364] e1000 0000:00:03.0 eth0: Intel(R) PRO/1000 Network Connection
[    3.306268] e1000 0000:00:03.0 enp0s3: renamed from eth0
[    3.308933] mptbase: ioc0: Initiating bringup
[    3.819061] ioc0: LSI53C1030 A0: Capabilities={Initiator}
[    6.259618] scsi host2: ioc0: LSI53C1030 A0, FwRev=00000000h, Ports=1, MaxQ=256, IRQ=20
[    7.882010] scsi 2:0:0:0: Direct-Access     VBOX     HARDDISK         1.0  PQ: 0 ANSI: 5
[    7.924402] scsi target2:0:0: Beginning Domain Validation
[    7.940754] scsi target2:0:0: Domain Validation skipping write tests
[    7.949685] scsi target2:0:0: Ending Domain Validation
[    7.957824] scsi target2:0:0: asynchronous
[    7.966781] scsi 2:0:1:0: Direct-Access     VBOX     HARDDISK         1.0  PQ: 0 ANSI: 5
[    8.004375] scsi target2:0:1: Beginning Domain Validation
[    8.008222] random: fast init done
[    8.012306] scsi target2:0:1: Domain Validation skipping write tests
[    8.015164] scsi target2:0:1: Ending Domain Validation
[    8.017664] scsi target2:0:1: asynchronous
[    8.028196] random: systemd-udevd: uninitialized urandom read (16 bytes read)
[    8.031915] random: systemd-udevd: uninitialized urandom read (16 bytes read)
[    8.031950] sd 2:0:0:0: Attached scsi generic sg0 type 0
[    8.036266] random: systemd-udevd: uninitialized urandom read (16 bytes read)
[    8.042969] sd 2:0:0:0: [sda] 83886080 512-byte logical blocks: (42.9 GB/40.0 GiB)
[    8.044577] sd 2:0:1:0: Attached scsi generic sg1 type 0
[    8.049489] sd 2:0:0:0: [sda] Write Protect is off
[    8.052442] sd 2:0:1:0: [sdb] 20480 512-byte logical blocks: (10.5 MB/10.0 MiB)
[    8.056776] sd 2:0:1:0: [sdb] Write Protect is off
[    8.062469] sd 2:0:0:0: [sda] Incomplete mode parameter data
[    8.065416] sd 2:0:0:0: [sda] Assuming drive cache: write through
[    8.068760] sd 2:0:1:0: [sdb] Incomplete mode parameter data
[    8.071245] sd 2:0:1:0: [sdb] Assuming drive cache: write through
[    8.076681]  sda: sda1
[    8.080123] sd 2:0:0:0: [sda] Attached SCSI disk
[    8.083534] sd 2:0:1:0: [sdb] Attached SCSI disk
Begin: Loading essential drivers ... [   10.660119] raid6: sse2x1   gen()  1975 MB/s
[   10.708090] raid6: sse2x1   xor()  1388 MB/s
[   10.756087] raid6: sse2x2   gen()  4574 MB/s
[   10.804168] raid6: sse2x2   xor()  2211 MB/s
[   10.852131] raid6: sse2x4   gen()  5302 MB/s
[   10.900086] raid6: sse2x4   xor()  3125 MB/s
[   10.948093] raid6: avx2x1   gen()  4062 MB/s
[   10.996113] raid6: avx2x1   xor()  1989 MB/s
[   11.044119] raid6: avx2x2   gen()  6500 MB/s
[   11.092073] raid6: avx2x2   xor()  3820 MB/s
[   11.140098] raid6: avx2x4   gen() 10585 MB/s
[   11.188044] raid6: avx2x4   xor()  6293 MB/s
[   11.190137] raid6: using algorithm avx2x4 gen() 10585 MB/s
[   11.193072] raid6: .... xor() 6293 MB/s, rmw enabled
[   11.195436] raid6: using avx2x2 recovery algorithm
[   11.200414] xor: automatically using best checksumming function   avx       
[   11.206025] async_tx: api initialized (async)
done.
Begin: Running /scripts/init-premount ... done.
Begin: Mounting root file system ... Begin: Running /scripts/local-top ... done.
Begin: Running /scripts/local-premount ... [   11.345026] Btrfs loaded, crc32c=crc32c-intel
Scanning for Btrfs filesystems
done.
Warning: fsck not present, so skipping root file system
[   11.420055] EXT4-fs (sda1): mounted filesystem with ordered data mode. Opts: (null)
done.
Begin: Running /scripts/local-bottom ... done.
Begin: Running /scripts/init-bottom ... done.
[   11.871819] ip_tables: (C) 2000-2006 Netfilter Core Team
[   11.915071] systemd[1]: systemd 237 running in system mode. (+PAM +AUDIT +SELINUX +IMA +APPARMOR +SMACK +SYSVINIT +UTMP +LIBCRYPTSETUP +GCRYPT +GNUTLS +ACL +XZ +LZ4 +SECCOMP +BLKID +ELFUTILS +KMOD -IDN2 +IDN -PCRE2 default-hierarchy=hybrid)
[   11.924855] systemd[1]: Detected virtualization oracle.
[   11.927433] systemd[1]: Detected architecture x86-64.

Welcome to [1mUbuntu 18.04.5 LTS[0m!

[   11.941219] systemd[1]: Set hostname to <ubuntu>.
[   11.958565] systemd[1]: Initializing machine ID from random generator.
[   11.962234] systemd[1]: Installed transient /etc/machine-id file.
[   12.619567] systemd[1]: Reached target User and Group Name Lookups.
[[0;32m  OK  [0m] Reached target User and Group Name Lookups.
[   12.627285] systemd[1]: Created slice System Slice.
[[0;32m  OK  [0m] Created slice System Slice.
[   12.631905] systemd[1]: Created slice system-serial\x2dgetty.slice.
[[0;32m  OK  [0m] Created slice system-serial\x2dgetty.slice.
[   12.636395] systemd[1]: Listening on Device-mapper event daemon FIFOs.
[[0;32m  OK  [0m] Listening on Device-mapper event daemon FIFOs.
[[0;32m  OK  [0m] Listening on udev Control Socket.
[[0;32m  OK  [0m] Listening on Journal Socket.
         Mounting POSIX Message Queue File System...
         Mounting Huge Pages File System...
[[0;32m  OK  [0m] Listening on LVM2 poll daemon socket.
[[0;32m  OK  [0m] Listening on udev Kernel Socket.
         Starting udev Coldplug all Devices...
         Starting Set the console keyboard layout...
[[0;32m  OK  [0m] Listening on LVM2 metadata daemon socket.
[[0;32m  OK  [0m] Listening on Journal Audit Socket.
[[0;32m  OK  [0m] Listening on Journal Socket (/dev/log).
[[0;32m  OK  [0m] Listening on Syslog Socket.
         Starting Journal Service...
         Starting Load Kernel Modules...
         Starting Create list of required st…ce nodes for the current kernel...
[[0;32m  OK  [0m] Started Forward Password Requests to Wall Directory Watch.
[[0;32m  OK  [0m] Created slice User and Session Slice.
[[0;32m  OK  [0m] Reached target Slices.
[[0;32m  OK  [0m] Listening on fsck to fsckd communication Socket.
         Starting Uncomplicated firewall...
[[0;32m  OK  [0m] Reached target Swap.
         Starting Monitoring of LVM2 mirrors…ng dmeventd or progress polling...
[[0;32m  OK  [0m] Reached target System Time Synchronized.
[[0;32m  OK  [0m] Listening on Network Service Netlink Socket.
         Mounting Kernel Debug File System...
         Starting File System Check on Root Device...
[[0;32m  OK  [0m] Listening on /dev/initctl Compatibility Named Pipe.
[[0;32m  OK  [0m] Set up automount Arbitrary Executab…rmats File System Automount Point.
[[0;32m  OK  [0m] Mounted POSIX Message Queue File System.
[[0;32m  OK  [0m] Mounted Huge Pages File System.
[[0;32m  OK  [0m] Started Uncomplicated firewall.
[[0;32m  OK  [0m] Started Create list of required sta…vice nodes for the current kernel.
[[0;32m  OK  [0m] Mounted Kernel Debug File System.
[[0;32m  OK  [0m] Started File System Check Daemon to report status.
         Starting Create Static Device Nodes in /dev...
[   12.868477] Loading iSCSI transport class v2.0-870.
[[0;32m  OK  [0m] Started Journal Service.
[[0;32m  OK  [0m] Started LVM2 metadata daemon.
[[0;32m  OK  [0m] Started Create Static Device Nodes in /dev.
[[0;32m  OK  [0m] Started udev Coldplug all Devices.
[   13.002091] iscsi: registered transport (tcp)
[[0;32m  OK  [0m] Started File System Check on Root Device.
         Starting Remount Root and Kernel File Systems...
[   13.080628] iscsi: registered transport (iser)
[[0;32m  OK  [0m] Started Load Kernel Modules.
         Mounting FUSE Control File System...
         Mounting Kernel Configuration File System...
         Starting Apply Kernel Variables...
[[0;32m  OK  [0m] Mounted FUSE Control File System.
[[0;32m  OK  [0m] Mounted Kernel Configuration File System.
[   13.122961] EXT4-fs (sda1): re-mounted. Opts: (null)
[[0;32m  OK  [0m] Started Remount Root and Kernel File Systems.
         Starting udev Kernel Device Manager...
         Starting Load/Save Random Seed...
         Starting Flush Journal to Persistent Storage...
[[0;32m  OK  [0m] Started Monitoring of LVM2 mirrors,…sing dmeventd or progress polling.
[[0;32m  OK  [0m] Started udev Kernel Device Manager.
[[0;32m  OK  [0m] Started Set the console keyboard layout.
[[0;32m  OK  [0m] Started Dispatch Password Requests to Console Directory Watch.
[[0;32m  OK  [0m] Reached target Local Encrypted Volumes.
[[0;32m  OK  [0m] Reached target Local File Systems (Pre).
[[0;32m  OK  [0m] Reached target Local File Systems.
         Starting ebtables ruleset management...
         Starting Tell Plymouth To Write Out Runtime Data...
         Starting AppArmor initialization...
         Starting Commit a transient machine-id on disk...
         Starting Set console font and keymap...
[[0;32m  OK  [0m] Started Apply Kernel Variables.
[[0;32m  OK  [0m] Started Load/Save Random Seed.
[[0;32m  OK  [0m] Started Tell Plymouth To Write Out Runtime Data.
[[0;32m  OK  [0m] Started Set console font and keymap.
[[0;32m  OK  [0m] Started Commit a transient machine-id on disk.
[[0;32m  OK  [0m] Started Flush Journal to Persistent Storage.
         Starting Create Volatile Files and Directories...
[[0;32m  OK  [0m] Started Create Volatile Files and Directories.
         Starting Update UTMP about System Boot/Shutdown...
[[0;32m  OK  [0m] Started ebtables ruleset management.
[[0;32m  OK  [0m] Started Update UTMP about System Boot/Shutdown.
[[0;32m  OK  [0m] Found device /dev/ttyS0.
[[0;32m  OK  [0m] Listening on Load/Save RF Kill Switch Status /dev/rfkill Watch.
[[0;32m  OK  [0m] Started AppArmor initialization.
         Starting Load AppArmor profiles managed internally by snapd...
         Starting Initial cloud-init job (pre-networking)...
[[0;32m  OK  [0m] Started Load AppArmor profiles managed internally by snapd.
[   21.080259] cloud-init[567]: Cloud-init v. 21.1-19-gbad84ad4-0ubuntu1~18.04.1 running 'init-local' at Fri, 07 May 2021 07:18:04 +0000. Up 20.14 seconds.
[[0;32m  OK  [0m] Started Initial cloud-init job (pre-networking).
[[0;32m  OK  [0m] Reached target Network (Pre).
         Starting Network Service...
[[0;32m  OK  [0m] Started Network Service.
         Starting Wait for Network to be Configured...
         Starting Network Name Resolution...
[[0;32m  OK  [0m] Started Network Name Resolution.
[[0;32m  OK  [0m] Reached target Host and Network Name Lookups.
[[0;32m  OK  [0m] Reached target Network.
[[0;32m  OK  [0m] Started Wait for Network to be Configured.
         Starting Initial cloud-init job (metadata service crawler)...
[   24.373092] cloud-init[672]: Cloud-init v. 21.1-19-gbad84ad4-0ubuntu1~18.04.1 running 'init' at Fri, 07 May 2021 07:18:08 +0000. Up 23.92 seconds.
[   24.377185] cloud-init[672]: ci-info: ++++++++++++++++++++++++++++++++++++++Net device info++++++++++++++++++++++++++++++++++++++
[   24.381225] cloud-init[672]: ci-info: +--------+------+----------------------------+---------------+--------+-------------------+
[   24.384784] cloud-init[672]: ci-info: | Device |  Up  |          Address           |      Mask     | Scope  |     Hw-Address    |
[   24.388487] cloud-init[672]: ci-info: +--------+------+----------------------------+---------------+--------+-------------------+
[   24.392181] cloud-init[672]: ci-info: | enp0s3 | True |         10.0.2.15          | 255.255.255.0 | global | 02:f3:7b:02:da:50 |
[   24.395434] cloud-init[672]: ci-info: | enp0s3 | True | fe80::f3:7bff:fe02:da50/64 |       .       |  link  | 02:f3:7b:02:da:50 |
[   24.399529] cloud-init[672]: ci-info: |   lo   | True |         127.0.0.1          |   255.0.0.0   |  host  |         .         |
[   24.403614] cloud-init[672]: ci-info: |   lo   | True |          ::1/128           |       .       |  host  |         .         |
[   24.408180] cloud-init[672]: ci-info: +--------+------+----------------------------+---------------+--------+-------------------+
[   24.420382] cloud-init[672]: ci-info: ++++++++++++++++++++++++++++Route IPv4 info+++++++++++++++++++++++++++++
[   24.424372] cloud-init[672]: ci-info: +-------+-------------+----------+-----------------+-----------+-------+
[   24.427959] cloud-init[672]: ci-info: | Route | Destination | Gateway  |     Genmask     | Interface | Flags |
[   24.431530] cloud-init[672]: ci-info: +-------+-------------+----------+-----------------+-----------+-------+
[   24.435573] cloud-init[672]: ci-info: |   0   |   0.0.0.0   | 10.0.2.2 |     0.0.0.0     |   enp0s3  |   UG  |
[   24.440007] cloud-init[672]: ci-info: |   1   |   10.0.2.0  | 0.0.0.0  |  255.255.255.0  |   enp0s3  |   U   |
[   24.444314] cloud-init[672]: ci-info: |   2   |   10.0.2.2  | 0.0.0.0  | 255.255.255.255 |   enp0s3  |   UH  |
[   24.448217] cloud-init[672]: ci-info: +-------+-------------+----------+-----------------+-----------+-------+
[   24.452652] cloud-init[672]: ci-info: +++++++++++++++++++Route IPv6 info+++++++++++++++++++
[   24.456035] cloud-init[672]: ci-info: +-------+-------------+---------+-----------+-------+
[   24.459665] cloud-init[672]: ci-info: | Route | Destination | Gateway | Interface | Flags |
[   24.462997] cloud-init[672]: ci-info: +-------+-------------+---------+-----------+-------+
[   24.476279] cloud-init[672]: ci-info: |   1   |  fe80::/64  |    ::   |   enp0s3  |   U   |
[   24.480214] cloud-init[672]: ci-info: |   3   |    local    |    ::   |   enp0s3  |   U   |
[   24.485514] cloud-init[672]: ci-info: |   4   |   ff00::/8  |    ::   |   enp0s3  |   U   |
[   24.487873] cloud-init[672]: ci-info: +-------+-------------+---------+-----------+-------+
[   26.120762] cloud-init[672]: Generating public/private rsa key pair.
[   26.123827] cloud-init[672]: Your identification has been saved in /etc/ssh/ssh_host_rsa_key.
[   26.127514] cloud-init[672]: Your public key has been saved in /etc/ssh/ssh_host_rsa_key.pub.
[   26.131204] cloud-init[672]: The key fingerprint is:
[   26.132904] cloud-init[672]: SHA256:6g6tF8Ca3Vyvk1TlS6D2ucgnMaioMkMS1NeTvz/cSgo root@ubuntu-bionic
[   26.136267] cloud-init[672]: The key's randomart image is:
[   26.138303] cloud-init[672]: +---[RSA 2048]----+
[   26.140215] cloud-init[672]: |  .   . .        |
[   26.152471] cloud-init[672]: | . . . +  . .    |
[   26.154929] cloud-init[672]: |.  ..   o. +     |
[   26.156811] cloud-init[672]: |.   o   +.. o    |
[   26.158676] cloud-init[672]: | . + + +S+.o .   |
[   26.160501] cloud-init[672]: |..o ..=.+.+ .    |
[   26.162797] cloud-init[672]: |o  ...oE *oo.    |
[   26.164682] cloud-init[672]: |+ . .+. O =+ .   |
[   26.176335] cloud-init[672]: |o+  .oo  = .o    |
[   26.177926] cloud-init[672]: +----[SHA256]-----+
[   26.179348] cloud-init[672]: Generating public/private dsa key pair.
[   26.180872] cloud-init[672]: Your identification has been saved in /etc/ssh/ssh_host_dsa_key.
[   26.184002] cloud-init[672]: Your public key has been saved in /etc/ssh/ssh_host_dsa_key.pub.
[   26.187800] cloud-init[672]: The key fingerprint is:
[   26.200451] cloud-init[672]: SHA256:TmoGPnbX9fn+6hR47mbI3/lGa+rJd2WNNOHLL3+Cr30 root@ubuntu-bionic
[   26.204054] cloud-init[672]: The key's randomart image is:
[   26.206757] cloud-init[672]: +---[DSA 1024]----+
[   26.208647] cloud-init[672]: |                 |
[   26.210185] cloud-init[672]: |              .  |
[   26.212357] cloud-init[672]: |             . . |
[   26.214052] cloud-init[672]: |             .+  |
[   26.215645] cloud-init[672]: |    .   S   ooo+.|
[   26.217464] cloud-init[672]: |   . . + . . ++o=|
[   26.218914] cloud-init[672]: |    + = o .. o=+o|
[   26.220677] cloud-init[672]: |   . = .    =+**E|
[   26.222911] cloud-init[672]: |            o%@X%|
[   26.224907] cloud-init[672]: +----[SHA256]-----+
[   26.226781] cloud-init[672]: Generating public/private ecdsa key pair.
[   26.229121] cloud-init[672]: Your identification has been saved in /etc/ssh/ssh_host_ecdsa_key.
[   26.232759] cloud-init[672]: Your public key has been saved in /etc/ssh/ssh_host_ecdsa_key.pub.
[   26.235994] cloud-init[672]: The key fingerprint is:
[   26.237920] cloud-init[672]: SHA256:3E8bfKz3J9mRQGEJDeggsBbEUOYTIhAKYG73unnt34s root@ubuntu-bionic
[   26.241477] cloud-init[672]: The key's randomart image is:
[   26.243488] cloud-init[672]: +---[ECDSA 256]---+
[   26.245289] cloud-init[672]: |O==B.     .o+oo  |
[   26.246879] cloud-init[672]: |* +.+. . .  .+   |
[   26.248636] cloud-init[672]: |.o *  . o   .    |
[   26.250577] cloud-init[672]: |. o o  . o . o   |
[   26.252612] cloud-init[672]: |     .  S . + + .|
[   26.254479] cloud-init[672]: |    .      o = o |
[   26.256476] cloud-init[672]: |   .  .     + .o.|
[   26.258442] cloud-init[672]: |    o. .  o  .o.o|
[   26.260348] cloud-init[672]: |   o. ...E o.  .o|
[   26.262544] cloud-init[672]: +----[SHA256]-----+
[   26.264552] cloud-init[672]: Generating public/private ed25519 key pair.
[   26.267098] cloud-init[672]: Your identification has been saved in /etc/ssh/ssh_host_ed25519_key.
[   26.270082] cloud-init[672]: Your public key has been saved in /etc/ssh/ssh_host_ed25519_key.pub.
[   26.273617] cloud-init[672]: The key fingerprint is:
[   26.275659] cloud-init[672]: SHA256:nznnCt1kSBb8N09xwrPDwRnP9to2IE94BELVI6Z62SY root@ubuntu-bionic
[   26.278753] cloud-init[672]: The key's randomart image is:
[   26.281244] cloud-init[672]: +--[ED25519 256]--+
[   26.283762] cloud-init[672]: |        .+oo.o.o |
[   26.285594] cloud-init[672]: |          o+.oB+.|
[   26.287653] cloud-init[672]: |          =..o.=*|
[   26.289883] cloud-init[672]: |         + .+ *.o|
[   26.291889] cloud-init[672]: |        S +oo= =.|
[   26.293647] cloud-init[672]: |       . E O= .o.|
[   26.295530] cloud-init[672]: |        o O o...o|
[   26.297585] cloud-init[672]: |         . +   ..|
[   26.300405] cloud-init[672]: |          ...    |
[   26.302287] cloud-init[672]: +----[SHA256]-----+
[[0;32m  OK  [0m] Started Initial cloud-init job (metadata service crawler).
[[0;32m  OK  [0m] Reached target Network is Online.
         Starting Availability of block devices...
[[0;32m  OK  [0m] Reached target Remote File Systems (Pre).
[[0;32m  OK  [0m] Reached target Remote File Systems.
[[0;32m  OK  [0m] Reached target System Initialization.
[[0;32m  OK  [0m] Listening on ACPID Listen Socket.
[[0;32m  OK  [0m] Listening on D-Bus System Message Bus Socket.
         Starting LXD - unix socket.
[[0;32m  OK  [0m] Started Message of the Day.
[[0;32m  OK  [0m] Listening on Open-iSCSI iscsid Socket.
[[0;32m  OK  [0m] Started Daily Cleanup of Temporary Directories.
[[0;32m  OK  [0m] Started Daily apt download activities.
[[0;32m  OK  [0m] Started Daily apt upgrade and clean activities.
[[0;32m  OK  [0m] Started ACPI Events Check.
[[0;32m  OK  [0m] Reached target Paths.
[[0;32m  OK  [0m] Listening on UUID daemon activation socket.
         Starting Socket activation for snappy daemon.
[[0;32m  OK  [0m] Started Discard unused blocks once a week.
[[0;32m  OK  [0m] Reached target Timers.
[[0;32m  OK  [0m] Reached target Cloud-config availability.
[[0;32m  OK  [0m] Started Availability of block devices.
[[0;32m  OK  [0m] Listening on LXD - unix socket.
[[0;32m  OK  [0m] Listening on Socket activation for snappy daemon.
[[0;32m  OK  [0m] Reached target Sockets.
[[0;32m  OK  [0m] Reached target Basic System.
[[0;32m  OK  [0m] Started Regular background program processing daemon.
         Starting System Logging Service...
[[0;32m  OK  [0m] Started Deferred execution scheduler.
         Starting Accounts Service...
         Starting LSB: automatic crash report generation...
         Starting Dispatcher daemon for systemd-networkd...
         Starting Login Service...
         Starting Permit User Sessions...
         Starting LSB: Record successful boot for GRUB...
[[0;32m  OK  [0m] Started FUSE filesystem for LXC.
[[0;32m  OK  [0m] Started irqbalance daemon.
         Starting Virtualbox guest utils...
         Starting Pollinate to seed the pseudo random number generator...
         Starting LXD - container startup/shutdown...
         Starting Snap Daemon...
[[0;32m  OK  [0m] Started D-Bus System Message Bus.
[[0;32m  OK  [0m] Started System Logging Service.
[[0;32m  OK  [0m] Started Permit User Sessions.
[[0;32m  OK  [0m] Started Login Service.
[[0;32m  OK  [0m] Started Unattended Upgrades Shutdown.
         Starting Hold until boot process finishes up...
         Starting Terminate Plymouth Boot Screen...
[[0;32m  OK  [0m] Started Hold until boot process finishes up.
[[0;32m  OK  [0m] Started Serial Getty on ttyS0.
         Starting Set console scheme...
[[0;32m  OK  [0m] Started Terminate Plymouth Boot Screen.
[[0;32m  OK  [0m] Started Set console scheme.
[[0;32m  OK  [0m] Created slice system-getty.slice.
[[0;32m  OK  [0m] Started Getty on tty1.
[[0;32m  OK  [0m] Reached target Login Prompts.
         Starting Authorization Manager...
[[0;32m  OK  [0m] Started LSB: automatic crash report generation.
[[0;32m  OK  [0m] Started LSB: Record successful boot for GRUB.
[[0;32m  OK  [0m] Started Authorization Manager.
[[0;32m  OK  [0m] Started Accounts Service.
[[0;32m  OK  [0m] Started Virtualbox guest utils.
[[0;32m  OK  [0m] Started LXD - container startup/shutdown.
[[0;32m  OK  [0m] Started Dispatcher daemon for systemd-networkd.
[[0;32m  OK  [0m] Started Snap Daemon.
         Starting Wait until snapd is fully seeded...
[[0;32m  OK  [0m] Started Wait until snapd is fully seeded.
         Starting Apply the settings specified in cloud-config...

Ubuntu 18.04.5 LTS ubuntu-bionic ttyS0

ubuntu-bionic login: [   33.207195] cloud-init[1042]: Cloud-init v. 21.1-19-gbad84ad4-0ubuntu1~18.04.1 running 'modules:config' at Fri, 07 May 2021 07:18:15 +0000. Up 31.51 seconds.
ci-info: no authorized SSH keys fingerprints found for user ubuntu.
<14>May  7 07:18:19 ec2: 
<14>May  7 07:18:19 ec2: #############################################################
<14>May  7 07:18:19 ec2: -----BEGIN SSH HOST KEY FINGERPRINTS-----
<14>May  7 07:18:19 ec2: 1024 SHA256:TmoGPnbX9fn+6hR47mbI3/lGa+rJd2WNNOHLL3+Cr30 root@ubuntu-bionic (DSA)
<14>May  7 07:18:19 ec2: 256 SHA256:3E8bfKz3J9mRQGEJDeggsBbEUOYTIhAKYG73unnt34s root@ubuntu-bionic (ECDSA)
<14>May  7 07:18:19 ec2: 256 SHA256:nznnCt1kSBb8N09xwrPDwRnP9to2IE94BELVI6Z62SY root@ubuntu-bionic (ED25519)
<14>May  7 07:18:19 ec2: 2048 SHA256:6g6tF8Ca3Vyvk1TlS6D2ucgnMaioMkMS1NeTvz/cSgo root@ubuntu-bionic (RSA)
<14>May  7 07:18:19 ec2: -----END SSH HOST KEY FINGERPRINTS-----
<14>May  7 07:18:19 ec2: #############################################################
-----BEGIN SSH HOST KEY KEYS-----
ecdsa-sha2-nistp256 AAAAE2VjZHNhLXNoYTItbmlzdHAyNTYAAAAIbmlzdHAyNTYAAABBBHl2XsDWmLwUmrWujr9nt4kiaxd0n30wdOLXyrliAOzTZqiCsO0IUwbr48crOd/OmglXm+5oru1hhgeONCWR/kg= root@ubuntu-bionic
ssh-ed25519 AAAAC3NzaC1lZDI1NTE5AAAAINNdohtBwY7XT5/UAR2Q/phuCQmHwmglPV6lOOI06FHB root@ubuntu-bionic
ssh-rsa AAAAB3NzaC1yc2EAAAADAQABAAABAQDMQZ9ZAZuO+Z6YW0+uhZmI2nxoi/vfERBA83jbFlrEBNf4bj3Yy57feSu06vx9fx8JQdR5b2S2VaDWdV/nEteaLhh5XtkKf1uUKtyMRvTGywcR4NgTOeT8r8yjYAZskFXm9tHOyLfojDHt3/Lfss+jPhWiLny5fMS16UzQRVoNpuo5Beqk6LfUaeRo57vcdZFss93bkFREMLwgnnEmpkT4LCQUAhSjPvhByqamjbPvyZMOBhj8Ca3/vaNgIXYj25OUSfDPtMaOfJ91hAr2a2r7dppRUZdO9N8WsYZYF1SBcMRBU9UzHwUELXhHdiBaRld0kuQalWN38rOUnGZkYkGX root@ubuntu-bionic
-----END SSH HOST KEY KEYS-----
[   34.988938] cloud-init[1202]: Cloud-init v. 21.1-19-gbad84ad4-0ubuntu1~18.04.1 running 'modules:final' at Fri, 07 May 2021 07:18:18 +0000. Up 34.56 seconds.
[   34.990612] cloud-init[1202]: ci-info: no authorized SSH keys fingerprints found for user ubuntu.
[   34.992079] cloud-init[1202]: Cloud-init v. 21.1-19-gbad84ad4-0ubuntu1~18.04.1 finished at Fri, 07 May 2021 07:18:19 +0000. Datasource DataSourceNoCloud [seed=/dev/sdb][dsmode=net].  Up 34.95 seconds
